

            C L I M A T E   P R E D I C T A B I L I T Y   T O O L
                                Version 11.03

                 Evaluating seasonal climate predictability
                        Designed for MOS applications


 Copyright 2002-2011 International Research Institute for Climate and Society


III RRRR  III
 I  R   R  I
 I  R   R  I
 I  RRRR   I
 I  R   R  I   I N T E R N A T I O N A L   R E S E A R C H   I N S T I T U T E
III R   R III  F O R         C L I M A T E         A N D         S O C I E T Y


1.  Canonical Correlation Analysis (CCA)
2.  Principal Components Regression (PCR)
3.  Multiple Linear Regression (MLR)
4.  Raw GCM Model Output (GCM)
0.  Exit

________________________________________________________________________________________________________________________________

Climate Predictability Tool, v. 11.03                                                                                           

                                            X File

Input Data                                  
First data                                  N/A
Last data                                   N/A
Start at                                    0                        
Number of fields                            0
Number of lags                              0
Number of gridpoints                        0
Number used variables:                      0

                                            Y File

Input Data                                  
First data                                  N/A
Last data                                   N/A
Start at                                    0                        
Number of fields                            0
Number of lags                              0
Number of gridpoints                        0
Number used variables:                      0

                                            Forecast File

Input Data                                  
First data                                  N/A
Last data                                   N/A
Start at                                    0                        
Number of fields                            0
Number of lags                              0
Number of gridpoints                        0
Number used variables:                      0

Training Data
Length of training period                            0
Length of cross-validation window                    5
Number of forecasts                                  1
________________________________________________________________________________________________________________________________

Select option:
  1.  Open X input file
  2.  Open Y input file
  7.  Length of training period
  8.  Length of cross-validation window
EDIT
OPTIONS
511.  Change language
521.  Change numbers of X modes
522.  Change X modes options
531.  Goodness index options
533.  Tailoring
541.  Transform Y data (turn on)
542.  Zero-bound (turn on)
543.  Sort Ensemble Members (turn off)
544.  Missing value options
551.  Bootstrap settings
552.  Forecast settings
561.  Skill map p-values (turn on)
VIEW
611.  Canonical Correlation Analysis          (CCA)
613.  Multiple Linear Regression              (MLR)
614.  Raw GCM Model Output                    (GCM)
 
  0.  Exit
X Input File: X domain selection
Please specify domain limits (approximate data limits in brackets):
(southern latitudes and western longitudes negative)
Northernmost latitude ( 35): Southernmost latitude ( 23): Westernmost longitude (-102): Easternmost longitude ( -95): 
X modes options
Minimum number of X modes: Maximum number of X modes: 
________________________________________________________________________________________________________________________________

Climate Predictability Tool, v. 11.03                                                                                           

                                            X File

Input Data                                  X.prec_st.01.6.0
First data                                  1958
Last data                                   2015
Start at                                    1958                     
Number of fields                            1
Number of lags                              1
Number of gridpoints                        31
Number used variables:                      0

                                            Y File

Input Data                                  
First data                                  N/A
Last data                                   N/A
Start at                                    0                        
Number of fields                            0
Number of lags                              0
Number of gridpoints                        0
Number used variables:                      0

                                            Forecast File

Input Data                                  X.prec_st.01.6.0
First data                                  1958
Last data                                   2015
Start at                                    2015                     
Number of fields                            1
Number of lags                              1
Number of gridpoints                        31
Number used variables:                      0

Training Data
Length of training period                            0
Length of cross-validation window                    5
Number of forecasts                                  1
________________________________________________________________________________________________________________________________

Select option:
  1.  Open X input file
  2.  Open Y input file
  3.  Open forecast file
  4.  X training period settings
  6.  Forecast period settings
  7.  Length of training period
  8.  Length of cross-validation window
  9.  Number Number of forecasts
EDIT
211.  Change X data domain
OPTIONS
511.  Change language
521.  Change numbers of X modes
522.  Change X modes options
531.  Goodness index options
533.  Tailoring
541.  Transform Y data (turn on)
542.  Zero-bound (turn on)
543.  Sort Ensemble Members (turn off)
544.  Missing value options
551.  Bootstrap settings
552.  Forecast settings
561.  Skill map p-values (turn on)
VIEW
611.  Canonical Correlation Analysis          (CCA)
 
  0.  Exit
Y Input File: Y domain selection
Please specify domain limits (approximate data limits in brackets):
(southern latitudes and western longitudes negative)
Northernmost latitude ( 29): Southernmost latitude ( 28): Westernmost longitude ( -99): Easternmost longitude ( -98): 
________________________________________________________________________________________________________________________________

Climate Predictability Tool, v. 11.03                                                                                           

                                            X File

Input Data                                  X.prec_st.01.6.0
First data                                  1958
Last data                                   2015
Start at                                    1958                     
Number of fields                            1
Number of lags                              1
Number of gridpoints                        31
Number used variables:                      0

                                            Y File

Input Data                                  Y.01.5
First data                                  1958
Last data                                   2015
Start at                                    1958                     
Number of fields                            1
Number of lags                              1
Number of gridpoints                        1
Number used variables:                      0

                                            Forecast File

Input Data                                  X.prec_st.01.6.0
First data                                  1958
Last data                                   2015
Start at                                    2015                     
Number of fields                            1
Number of lags                              1
Number of gridpoints                        31
Number used variables:                      0

Training Data
Length of training period                           58
Length of cross-validation window                    5
Number of forecasts                                  1
________________________________________________________________________________________________________________________________

Select option:
  1.  Open X input file
  2.  Open Y input file
  3.  Open forecast file
  4.  X training period settings
  5.  Y training period settings
  6.  Forecast period settings
  7.  Length of training period
  8.  Length of cross-validation window
  9.  Number Number of forecasts
EDIT
211.  Change X data domain
212.  Change Y data domain
ACTIONS
311.  Perform cross-validated analysis
312.  Perform retroactive analysis
321.  Reset
OPTIONS
511.  Change language
521.  Change numbers of X modes
522.  Change X modes options
531.  Goodness index options
532.  Set climatological period
533.  Tailoring
541.  Transform Y data (turn on)
542.  Zero-bound (turn on)
543.  Sort Ensemble Members (turn off)
544.  Missing value options
551.  Bootstrap settings
552.  Forecast settings
561.  Skill map p-values (turn on)
VIEW
611.  Canonical Correlation Analysis          (CCA)
 
  0.  Exit

Forecast Settings


Prediction Interval
Confidence level (%): Ensemble size: 
Number of ensemble members: Error variance:
1. Cross-validated error variance
3. Fitted error variance
Odds: 
0. Odds
1. Odds relative to climatology
Precision: 
Number of decimal places (maximum is 8): 
________________________________________________________________________________________________________________________________

Climate Predictability Tool, v. 11.03                                                                                           

                                            X File

Input Data                                  X.prec_st.01.6.0
First data                                  1958
Last data                                   2015
Start at                                    1958                     
Number of fields                            1
Number of lags                              1
Number of gridpoints                        31
Number used variables:                      0

                                            Y File

Input Data                                  Y.01.5
First data                                  1958
Last data                                   2015
Start at                                    1958                     
Number of fields                            1
Number of lags                              1
Number of gridpoints                        1
Number used variables:                      0

                                            Forecast File

Input Data                                  X.prec_st.01.6.0
First data                                  1958
Last data                                   2015
Start at                                    2015                     
Number of fields                            1
Number of lags                              1
Number of gridpoints                        31
Number used variables:                      0

Training Data
Length of training period                           58
Length of cross-validation window                    5
Number of forecasts                                  1
________________________________________________________________________________________________________________________________

Select option:
  1.  Open X input file
  2.  Open Y input file
  3.  Open forecast file
  4.  X training period settings
  5.  Y training period settings
  6.  Forecast period settings
  7.  Length of training period
  8.  Length of cross-validation window
  9.  Number Number of forecasts
EDIT
211.  Change X data domain
212.  Change Y data domain
ACTIONS
311.  Perform cross-validated analysis
312.  Perform retroactive analysis
321.  Reset
OPTIONS
511.  Change language
521.  Change numbers of X modes
522.  Change X modes options
531.  Goodness index options
532.  Set climatological period
533.  Tailoring
541.  Transform Y data (turn on)
542.  Zero-bound (turn on)
543.  Sort Ensemble Members (turn off)
544.  Missing value options
551.  Bootstrap settings
552.  Forecast settings
561.  Skill map p-values (turn on)
VIEW
611.  Canonical Correlation Analysis          (CCA)
 
  0.  Exit

Number of forecasts: 
________________________________________________________________________________________________________________________________

Climate Predictability Tool, v. 11.03                                                                                           

                                            X File

Input Data                                  X.prec_st.01.6.0
First data                                  1958
Last data                                   2015
Start at                                    1958                     
Number of fields                            1
Number of lags                              1
Number of gridpoints                        31
Number used variables:                      0

                                            Y File

Input Data                                  Y.01.5
First data                                  1958
Last data                                   2015
Start at                                    1958                     
Number of fields                            1
Number of lags                              1
Number of gridpoints                        1
Number used variables:                      0

                                            Forecast File

Input Data                                  X.prec_st.01.6.0
First data                                  1958
Last data                                   2015
Start at                                    2015                     
Number of fields                            1
Number of lags                              1
Number of gridpoints                        31
Number used variables:                      0

Training Data
Length of training period                           58
Length of cross-validation window                    5
Number of forecasts                                 30
________________________________________________________________________________________________________________________________

Select option:
  1.  Open X input file
  2.  Open Y input file
  3.  Open forecast file
  4.  X training period settings
  5.  Y training period settings
  6.  Forecast period settings
  7.  Length of training period
  8.  Length of cross-validation window
  9.  Number Number of forecasts
EDIT
211.  Change X data domain
212.  Change Y data domain
ACTIONS
311.  Perform cross-validated analysis
312.  Perform retroactive analysis
321.  Reset
OPTIONS
511.  Change language
521.  Change numbers of X modes
522.  Change X modes options
531.  Goodness index options
532.  Set climatological period
533.  Tailoring
541.  Transform Y data (turn on)
542.  Zero-bound (turn on)
543.  Sort Ensemble Members (turn off)
544.  Missing value options
551.  Bootstrap settings
552.  Forecast settings
561.  Skill map p-values (turn on)
VIEW
611.  Canonical Correlation Analysis          (CCA)
 
  0.  Exit
First date of data in forecast file: 1958                     
First year from which to forecast: 
________________________________________________________________________________________________________________________________

Climate Predictability Tool, v. 11.03                                                                                           

                                            X File

Input Data                                  X.prec_st.01.6.0
First data                                  1958
Last data                                   2015
Start at                                    1958                     
Number of fields                            1
Number of lags                              1
Number of gridpoints                        31
Number used variables:                      0

                                            Y File

Input Data                                  Y.01.5
First data                                  1958
Last data                                   2015
Start at                                    1958                     
Number of fields                            1
Number of lags                              1
Number of gridpoints                        1
Number used variables:                      0

                                            Forecast File

Input Data                                  X.prec_st.01.6.0
First data                                  1958
Last data                                   2015
Start at                                    1985                     
Number of fields                            1
Number of lags                              1
Number of gridpoints                        31
Number used variables:                      0

Training Data
Length of training period                           58
Length of cross-validation window                    5
Number of forecasts                                 30
________________________________________________________________________________________________________________________________

Select option:
  1.  Open X input file
  2.  Open Y input file
  3.  Open forecast file
  4.  X training period settings
  5.  Y training period settings
  6.  Forecast period settings
  7.  Length of training period
  8.  Length of cross-validation window
  9.  Number Number of forecasts
EDIT
211.  Change X data domain
212.  Change Y data domain
ACTIONS
311.  Perform cross-validated analysis
312.  Perform retroactive analysis
321.  Reset
OPTIONS
511.  Change language
521.  Change numbers of X modes
522.  Change X modes options
531.  Goodness index options
532.  Set climatological period
533.  Tailoring
541.  Transform Y data (turn on)
542.  Zero-bound (turn on)
543.  Sort Ensemble Members (turn off)
544.  Missing value options
551.  Bootstrap settings
552.  Forecast settings
561.  Skill map p-values (turn on)
VIEW
611.  Canonical Correlation Analysis          (CCA)
 
  0.  Exit

Length of cross-validation period (must be odd): 
________________________________________________________________________________________________________________________________

Climate Predictability Tool, v. 11.03                                                                                           

                                            X File

Input Data                                  X.prec_st.01.6.0
First data                                  1958
Last data                                   2015
Start at                                    1958                     
Number of fields                            1
Number of lags                              1
Number of gridpoints                        31
Number used variables:                      0

                                            Y File

Input Data                                  Y.01.5
First data                                  1958
Last data                                   2015
Start at                                    1958                     
Number of fields                            1
Number of lags                              1
Number of gridpoints                        1
Number used variables:                      0

                                            Forecast File

Input Data                                  X.prec_st.01.6.0
First data                                  1958
Last data                                   2015
Start at                                    1985                     
Number of fields                            1
Number of lags                              1
Number of gridpoints                        31
Number used variables:                      0

Training Data
Length of training period                           58
Length of cross-validation window                    3
Number of forecasts                                 30
________________________________________________________________________________________________________________________________

Select option:
  1.  Open X input file
  2.  Open Y input file
  3.  Open forecast file
  4.  X training period settings
  5.  Y training period settings
  6.  Forecast period settings
  7.  Length of training period
  8.  Length of cross-validation window
  9.  Number Number of forecasts
EDIT
211.  Change X data domain
212.  Change Y data domain
ACTIONS
311.  Perform cross-validated analysis
312.  Perform retroactive analysis
321.  Reset
OPTIONS
511.  Change language
521.  Change numbers of X modes
522.  Change X modes options
531.  Goodness index options
532.  Set climatological period
533.  Tailoring
541.  Transform Y data (turn on)
542.  Zero-bound (turn on)
543.  Sort Ensemble Members (turn off)
544.  Missing value options
551.  Bootstrap settings
552.  Forecast settings
561.  Skill map p-values (turn on)
VIEW
611.  Canonical Correlation Analysis          (CCA)
 
  0.  Exit
Reading ../Sites/08194500/2_format/X.prec_st.01.6.0 ...
Reading ../Sites/08194500/2_format/Y.01.5 ...
Checking for missing values ...
Total number of non-missing Station in X domain:              31
Total number of non-missing Station in Y domain:               1
Data read successfully

Beginning analysis ...
Climatological period: 1958 to 2015
Calculating climatologies and thresholds ...
Optimizing cross-validated performance ...
Training period: 1958 to 2015
 
               CURRENT                         OPTIMUM
 
      Number of Modes    Goodness      Number of Modes    Goodness
                            Index                            Index
              1            -0.118              1            -0.118
              2             0.362              2             0.362
              3             0.330              2             0.362
              4             0.315              2             0.362
Constructing model using full training period (1958 to 2015) ...
Identifying categories ...
Done!

________________________________________________________________________________________________________________________________

Climate Predictability Tool, v. 11.03                                                                                           

                                            X File

Input Data                                  X.prec_st.01.6.0
First data                                  1958
Last data                                   2015
Start at                                    1958                     
Number of fields                            1
Number of lags                              1
Number of gridpoints                        31
Number used variables:                      31

                                            Y File

Input Data                                  Y.01.5
First data                                  1958
Last data                                   2015
Start at                                    1958                     
Number of fields                            1
Number of lags                              1
Number of gridpoints                        1
Number used variables:                      1

                                            Forecast File

Input Data                                  X.prec_st.01.6.0
First data                                  1958
Last data                                   2015
Start at                                    1985                     
Number of fields                            1
Number of lags                              1
Number of gridpoints                        31
Number used variables:                      31

Training Data
Length of training period                           58
Length of cross-validation window                    3
Number of forecasts                                 30
________________________________________________________________________________________________________________________________

Select option:
  1.  Open X input file
  2.  Open Y input file
  3.  Open forecast file
  4.  X training period settings
  5.  Y training period settings
  6.  Forecast period settings
  7.  Length of training period
  8.  Length of cross-validation window
  9.  Number Number of forecasts
FILE
111.  Data output
ACTIONS
321.  Reset
TOOLS
411.  Cross-validated performance measures
412.  Cross-validated bootstrapping and significance testing
413.  Cross-validated skill maps
414.  Cross-validated ROC
415.  Cross-validated contingency tables
441.  Scree plots
451.  Forecast series
452.  Forecast ensembles
453.  Exceedance probabilities
454.  Forecast values
455.  Forecast probabilities
OPTIONS
511.  Change language
521.  Change numbers of X modes
522.  Change X modes options
531.  Goodness index options
532.  Set climatological period
533.  Tailoring
551.  Bootstrap settings
552.  Forecast settings
561.  Skill map p-values (turn on)
 
  0.  Exit

Output files:

Input Data
 1. X Input Data
 3. Y Input Data

Historical Predictions
 4. Cross-Validated Predictions

EOF Prefiltering
X variable EOF files
 8. X Eigenvalues
 9. X Spatial Loadings
10. X Temporal Scores

PCR Results
Regression files
19. Regression Coefficients
20. PC Regression Coefficients

 0. Exit
Cross-Validated Predictions Output file: 
Saving: ../Sites/08194500/3_forecast/prec_st.01.6.0.CV.txt
Done!

Output files:

Input Data
 1. X Input Data
 3. Y Input Data

Historical Predictions
 4. Cross-Validated Predictions

EOF Prefiltering
X variable EOF files
 8. X Eigenvalues
 9. X Spatial Loadings
10. X Temporal Scores

PCR Results
Regression files
19. Regression Coefficients
20. PC Regression Coefficients

 0. Exit

________________________________________________________________________________________________________________________________

Climate Predictability Tool, v. 11.03                                                                                           

                                            X File

Input Data                                  X.prec_st.01.6.0
First data                                  1958
Last data                                   2015
Start at                                    1958                     
Number of fields                            1
Number of lags                              1
Number of gridpoints                        31
Number used variables:                      31

                                            Y File

Input Data                                  Y.01.5
First data                                  1958
Last data                                   2015
Start at                                    1958                     
Number of fields                            1
Number of lags                              1
Number of gridpoints                        1
Number used variables:                      1

                                            Forecast File

Input Data                                  X.prec_st.01.6.0
First data                                  1958
Last data                                   2015
Start at                                    1985                     
Number of fields                            1
Number of lags                              1
Number of gridpoints                        31
Number used variables:                      31

Training Data
Length of training period                           58
Length of cross-validation window                    3
Number of forecasts                                 30
________________________________________________________________________________________________________________________________

Select option:
  1.  Open X input file
  2.  Open Y input file
  3.  Open forecast file
  4.  X training period settings
  5.  Y training period settings
  6.  Forecast period settings
  7.  Length of training period
  8.  Length of cross-validation window
  9.  Number Number of forecasts
FILE
111.  Data output
ACTIONS
321.  Reset
TOOLS
411.  Cross-validated performance measures
412.  Cross-validated bootstrapping and significance testing
413.  Cross-validated skill maps
414.  Cross-validated ROC
415.  Cross-validated contingency tables
441.  Scree plots
451.  Forecast series
452.  Forecast ensembles
453.  Exceedance probabilities
454.  Forecast values
455.  Forecast probabilities
OPTIONS
511.  Change language
521.  Change numbers of X modes
522.  Change X modes options
531.  Goodness index options
532.  Set climatological period
533.  Tailoring
551.  Bootstrap settings
552.  Forecast settings
561.  Skill map p-values (turn on)
 
  0.  Exit
 Resetting clears the current results.

________________________________________________________________________________________________________________________________

Climate Predictability Tool, v. 11.03                                                                                           

                                            X File

Input Data                                  X.prec_st.01.6.0
First data                                  1958
Last data                                   2015
Start at                                    1958                     
Number of fields                            1
Number of lags                              1
Number of gridpoints                        31
Number used variables:                      0

                                            Y File

Input Data                                  Y.01.5
First data                                  1958
Last data                                   2015
Start at                                    1958                     
Number of fields                            1
Number of lags                              1
Number of gridpoints                        1
Number used variables:                      0

                                            Forecast File

Input Data                                  X.prec_st.01.6.0
First data                                  1958
Last data                                   2015
Start at                                    1985                     
Number of fields                            1
Number of lags                              1
Number of gridpoints                        31
Number used variables:                      0

Training Data
Length of training period                           58
Length of cross-validation window                    3
Number of forecasts                                 30
________________________________________________________________________________________________________________________________

Select option:
  1.  Open X input file
  2.  Open Y input file
  3.  Open forecast file
  4.  X training period settings
  5.  Y training period settings
  6.  Forecast period settings
  7.  Length of training period
  8.  Length of cross-validation window
  9.  Number Number of forecasts
EDIT
211.  Change X data domain
212.  Change Y data domain
ACTIONS
311.  Perform cross-validated analysis
312.  Perform retroactive analysis
321.  Reset
OPTIONS
511.  Change language
521.  Change numbers of X modes
522.  Change X modes options
531.  Goodness index options
532.  Set climatological period
533.  Tailoring
541.  Transform Y data (turn on)
542.  Zero-bound (turn on)
543.  Sort Ensemble Members (turn off)
544.  Missing value options
551.  Bootstrap settings
552.  Forecast settings
561.  Skill map p-values (turn on)
VIEW
611.  Canonical Correlation Analysis          (CCA)
 
  0.  Exit

________________________________________________________________________________________________________________________________

Climate Predictability Tool, v. 11.03                                                                                           

                                            X File

Input Data                                  X.prec_st.01.6.0
First data                                  1958
Last data                                   2015
Start at                                    1958                     
Number of fields                            1
Number of lags                              1
Number of gridpoints                        31
Number used variables:                      0

                                            Y File

Input Data                                  Y.01.5
First data                                  1958
Last data                                   2015
Start at                                    1958                     
Number of fields                            1
Number of lags                              1
Number of gridpoints                        1
Number used variables:                      0

                                            Forecast File

Input Data                                  X.prec_st.01.6.0
First data                                  1958
Last data                                   2015
Start at                                    1985                     
Number of fields                            1
Number of lags                              1
Number of gridpoints                        31
Number used variables:                      0

Training Data
Length of training period                           58
Length of cross-validation window                    3
Number of forecasts                                 30
________________________________________________________________________________________________________________________________

Select option:
  1.  Open X input file
  2.  Open Y input file
  3.  Open forecast file
  4.  X training period settings
  5.  Y training period settings
  6.  Forecast period settings
  7.  Length of training period
  8.  Length of cross-validation window
  9.  Number Number of forecasts
EDIT
211.  Change X data domain
212.  Change Y data domain
ACTIONS
311.  Perform cross-validated analysis
312.  Perform retroactive analysis
321.  Reset
OPTIONS
511.  Change language
521.  Change numbers of X modes
522.  Change X modes options
531.  Goodness index options
532.  Set climatological period
533.  Tailoring
541.  Transform Y data (turn on)
542.  Zero-bound (turn off)
543.  Sort Ensemble Members (turn off)
544.  Missing value options
551.  Bootstrap settings
552.  Forecast settings
561.  Skill map p-values (turn on)
VIEW
611.  Canonical Correlation Analysis          (CCA)
 
  0.  Exit

Retroactive forecasts
Length of initial training period (suggested value 29): 
Retroactive forecasts
Training period update interval: Reading ../Sites/08194500/2_format/X.prec_st.01.6.0 ...
Reading ../Sites/08194500/2_format/Y.01.5 ...
Checking for missing values ...
Total number of non-missing Station in X domain:              31
Total number of non-missing Station in Y domain:               1
Data read successfully

Beginning analysis ...
Climatological period: 1958 to 2015
Calculating climatologies and thresholds ...
Calculating retroactive forecasts ...
Training period: 1958 to 1986
 
               CURRENT                         OPTIMUM
 
      Number of Modes    Goodness      Number of Modes    Goodness
                            Index                            Index
              1             0.300              1             0.300
              2             0.384              2             0.384
              3             0.310              2             0.384
              4             0.296              2             0.384
Calculating retroactive forecasts for 1987
 
Training period: 1958 to 1987
 
               CURRENT                         OPTIMUM
 
      Number of Modes    Goodness      Number of Modes    Goodness
                            Index                            Index
              1             0.333              1             0.333
              2             0.434              2             0.434
              3             0.384              2             0.434
              4             0.370              2             0.434
Calculating retroactive forecasts for 1988
 
Training period: 1958 to 1988
 
               CURRENT                         OPTIMUM
 
      Number of Modes    Goodness      Number of Modes    Goodness
                            Index                            Index
              1             0.333              1             0.333
              2             0.415              2             0.415
              3             0.355              2             0.415
              4             0.338              2             0.415
Calculating retroactive forecasts for 1989
 
Training period: 1958 to 1989
 
               CURRENT                         OPTIMUM
 
      Number of Modes    Goodness      Number of Modes    Goodness
                            Index                            Index
              1             0.298              1             0.298
              2             0.375              2             0.375
              3             0.298              2             0.375
              4             0.286              2             0.375
Calculating retroactive forecasts for 1990
 
Training period: 1958 to 1990
 
               CURRENT                         OPTIMUM
 
      Number of Modes    Goodness      Number of Modes    Goodness
                            Index                            Index
              1             0.318              1             0.318
              2             0.398              2             0.398
              3             0.341              2             0.398
              4             0.265              2             0.398
Calculating retroactive forecasts for 1991
 
Training period: 1958 to 1991
 
               CURRENT                         OPTIMUM
 
      Number of Modes    Goodness      Number of Modes    Goodness
                            Index                            Index
              1             0.326              1             0.326
              2             0.405              2             0.405
              3             0.340              2             0.405
              4             0.308              2             0.405
Calculating retroactive forecasts for 1992
 
Training period: 1958 to 1992
 
               CURRENT                         OPTIMUM
 
      Number of Modes    Goodness      Number of Modes    Goodness
                            Index                            Index
              1             0.321              1             0.321
              2             0.392              2             0.392
              3             0.314              2             0.392
              4             0.287              2             0.392
Calculating retroactive forecasts for 1993
 
Training period: 1958 to 1993
 
               CURRENT                         OPTIMUM
 
      Number of Modes    Goodness      Number of Modes    Goodness
                            Index                            Index
              1             0.352              1             0.352
              2             0.425              2             0.425
              3             0.349              2             0.425
              4             0.337              2             0.425
Calculating retroactive forecasts for 1994
 
Training period: 1958 to 1994
 
               CURRENT                         OPTIMUM
 
      Number of Modes    Goodness      Number of Modes    Goodness
                            Index                            Index
              1             0.351              1             0.351
              2             0.453              2             0.453
              3             0.405              2             0.453
              4             0.360              2             0.453
Calculating retroactive forecasts for 1995
 
Training period: 1958 to 1995
 
               CURRENT                         OPTIMUM
 
      Number of Modes    Goodness      Number of Modes    Goodness
                            Index                            Index
              1             0.374              1             0.374
              2             0.482              2             0.482
              3             0.445              2             0.482
              4             0.417              2             0.482
Calculating retroactive forecasts for 1996
 
Training period: 1958 to 1996
 
               CURRENT                         OPTIMUM
 
      Number of Modes    Goodness      Number of Modes    Goodness
                            Index                            Index
              1             0.355              1             0.355
              2             0.466              2             0.466
              3             0.414              2             0.466
              4             0.382              2             0.466
Calculating retroactive forecasts for 1997
 
Training period: 1958 to 1997
 
               CURRENT                         OPTIMUM
 
      Number of Modes    Goodness      Number of Modes    Goodness
                            Index                            Index
              1             0.382              1             0.382
              2             0.462              2             0.462
              3             0.408              2             0.462
              4             0.408              2             0.462
Calculating retroactive forecasts for 1998
 
Training period: 1958 to 1998
 
               CURRENT                         OPTIMUM
 
      Number of Modes    Goodness      Number of Modes    Goodness
                            Index                            Index
              1             0.400              1             0.400
              2             0.476              2             0.476
              3             0.432              2             0.476
              4             0.420              2             0.476
Calculating retroactive forecasts for 1999
 
Training period: 1958 to 1999
 
               CURRENT                         OPTIMUM
 
      Number of Modes    Goodness      Number of Modes    Goodness
                            Index                            Index
              1             0.419              1             0.419
              2             0.501              2             0.501
              3             0.452              2             0.501
              4             0.433              2             0.501
Calculating retroactive forecasts for 2000
 
Training period: 1958 to 2000
 
               CURRENT                         OPTIMUM
 
      Number of Modes    Goodness      Number of Modes    Goodness
                            Index                            Index
              1             0.422              1             0.422
              2             0.502              2             0.502
              3             0.471              2             0.502
              4             0.453              2             0.502
Calculating retroactive forecasts for 2001
 
Training period: 1958 to 2001
 
               CURRENT                         OPTIMUM
 
      Number of Modes    Goodness      Number of Modes    Goodness
                            Index                            Index
              1             0.400              1             0.400
              2             0.495              2             0.495
              3             0.459              2             0.495
              4             0.421              2             0.495
Calculating retroactive forecasts for 2002
 
Training period: 1958 to 2002
 
               CURRENT                         OPTIMUM
 
      Number of Modes    Goodness      Number of Modes    Goodness
                            Index                            Index
              1             0.412              1             0.412
              2             0.444              2             0.444
              3             0.406              2             0.444
              4             0.374              2             0.444
Calculating retroactive forecasts for 2003
 
Training period: 1958 to 2003
 
               CURRENT                         OPTIMUM
 
      Number of Modes    Goodness      Number of Modes    Goodness
                            Index                            Index
              1             0.434              1             0.434
              2             0.467              2             0.467
              3             0.432              2             0.467
              4             0.391              2             0.467
Calculating retroactive forecasts for 2004
 
Training period: 1958 to 2004
 
               CURRENT                         OPTIMUM
 
      Number of Modes    Goodness      Number of Modes    Goodness
                            Index                            Index
              1             0.432              1             0.432
              2             0.451              2             0.451
              3             0.419              2             0.451
              4             0.382              2             0.451
Calculating retroactive forecasts for 2005
 
Training period: 1958 to 2005
 
               CURRENT                         OPTIMUM
 
      Number of Modes    Goodness      Number of Modes    Goodness
                            Index                            Index
              1             0.427              1             0.427
              2             0.449              2             0.449
              3             0.424              2             0.449
              4             0.390              2             0.449
Calculating retroactive forecasts for 2006
 
Training period: 1958 to 2006
 
               CURRENT                         OPTIMUM
 
      Number of Modes    Goodness      Number of Modes    Goodness
                            Index                            Index
              1             0.410              1             0.410
              2             0.442              2             0.442
              3             0.423              2             0.442
              4             0.379              2             0.442
Calculating retroactive forecasts for 2007
 
Training period: 1958 to 2007
 
               CURRENT                         OPTIMUM
 
      Number of Modes    Goodness      Number of Modes    Goodness
                            Index                            Index
              1             0.420              1             0.420
              2             0.445              2             0.445
              3             0.412              2             0.445
              4             0.384              2             0.445
Calculating retroactive forecasts for 2008
 
Training period: 1958 to 2008
 
               CURRENT                         OPTIMUM
 
      Number of Modes    Goodness      Number of Modes    Goodness
                            Index                            Index
              1             0.427              1             0.427
              2             0.435              2             0.435
              3             0.402              2             0.435
              4             0.388              2             0.435
Calculating retroactive forecasts for 2009
 
Training period: 1958 to 2009
 
               CURRENT                         OPTIMUM
 
      Number of Modes    Goodness      Number of Modes    Goodness
                            Index                            Index
              1             0.427              1             0.427
              2             0.427              1             0.427
              3             0.398              1             0.427
              4             0.386              1             0.427
Calculating retroactive forecasts for 2010
 
Training period: 1958 to 2010
 
               CURRENT                         OPTIMUM
 
      Number of Modes    Goodness      Number of Modes    Goodness
                            Index                            Index
              1            -0.093              1            -0.093
              2             0.380              2             0.380
              3             0.351              2             0.380
              4             0.331              2             0.380
Calculating retroactive forecasts for 2011
 
Training period: 1958 to 2011
 
               CURRENT                         OPTIMUM
 
      Number of Modes    Goodness      Number of Modes    Goodness
                            Index                            Index
              1            -0.106              1            -0.106
              2             0.360              2             0.360
              3             0.331              2             0.360
              4             0.318              2             0.360
Calculating retroactive forecasts for 2012
 
Training period: 1958 to 2012
 
               CURRENT                         OPTIMUM
 
      Number of Modes    Goodness      Number of Modes    Goodness
                            Index                            Index
              1            -0.107              1            -0.107
              2             0.358              2             0.358
              3             0.325              2             0.358
              4             0.313              2             0.358
Calculating retroactive forecasts for 2013
 
Training period: 1958 to 2013
 
               CURRENT                         OPTIMUM
 
      Number of Modes    Goodness      Number of Modes    Goodness
                            Index                            Index
              1            -0.113              1            -0.113
              2             0.361              2             0.361
              3             0.330              2             0.361
              4             0.310              2             0.361
Calculating retroactive forecasts for 2014
 
Training period: 1958 to 2014
 
               CURRENT                         OPTIMUM
 
      Number of Modes    Goodness      Number of Modes    Goodness
                            Index                            Index
              1            -0.117              1            -0.117
              2             0.357              2             0.357
              3             0.328              2             0.357
              4             0.316              2             0.357
Calculating retroactive forecasts for 2015
 
Optimizing cross-validated performance ...
Training period: 1958 to 2015
 
               CURRENT                         OPTIMUM
 
      Number of Modes    Goodness      Number of Modes    Goodness
                            Index                            Index
              1            -0.118              1            -0.118
              2             0.362              2             0.362
              3             0.330              2             0.362
              4             0.315              2             0.362
Constructing model using full training period (1958 to 2015) ...
Identifying categories ...
Done!

________________________________________________________________________________________________________________________________

Climate Predictability Tool, v. 11.03                                                                                           

                                            X File

Input Data                                  X.prec_st.01.6.0
First data                                  1958
Last data                                   2015
Start at                                    1958                     
Number of fields                            1
Number of lags                              1
Number of gridpoints                        31
Number used variables:                      31

                                            Y File

Input Data                                  Y.01.5
First data                                  1958
Last data                                   2015
Start at                                    1958                     
Number of fields                            1
Number of lags                              1
Number of gridpoints                        1
Number used variables:                      1

                                            Forecast File

Input Data                                  X.prec_st.01.6.0
First data                                  1958
Last data                                   2015
Start at                                    1985                     
Number of fields                            1
Number of lags                              1
Number of gridpoints                        31
Number used variables:                      31

Training Data
Length of training period                           58
Length of cross-validation window                    3
Number of forecasts                                 30
________________________________________________________________________________________________________________________________

Select option:
  1.  Open X input file
  2.  Open Y input file
  3.  Open forecast file
  4.  X training period settings
  5.  Y training period settings
  6.  Forecast period settings
  7.  Length of training period
  8.  Length of cross-validation window
  9.  Number Number of forecasts
FILE
111.  Data output
ACTIONS
321.  Reset
TOOLS
411.  Cross-validated performance measures
412.  Cross-validated bootstrapping and significance testing
413.  Cross-validated skill maps
414.  Cross-validated ROC
415.  Cross-validated contingency tables
421.  Retroactive performance measures
422.  Retroactive bootstrapping and significance testing
423.  Retroactive skill maps
424.  Retroactive ROC
425.  Retroactive contingency tables
431.  Attributes diagram
432.  ROC diagram
433.  Probabilistic verification scores
434.  Weather roulette
441.  Scree plots
451.  Forecast series
452.  Forecast ensembles
453.  Exceedance probabilities
454.  Forecast values
455.  Forecast probabilities
OPTIONS
511.  Change language
521.  Change numbers of X modes
522.  Change X modes options
531.  Goodness index options
532.  Set climatological period
533.  Tailoring
551.  Bootstrap settings
552.  Forecast settings
561.  Skill map p-values (turn on)
 
  0.  Exit

Output files:

Input Data
 1. X Input Data
 3. Y Input Data

Historical Predictions
 4. Cross-Validated Predictions
 5. Retroactive Predictions
 6. Retroactive Forecast Probabilities
 7. Retroactive Lower Prediction Limits

EOF Prefiltering
X variable EOF files
 8. X Eigenvalues
 9. X Spatial Loadings
10. X Temporal Scores

PCR Results
Regression files
19. Regression Coefficients
20. PC Regression Coefficients

 0. Exit
Retroactive Predictions Output file: 
Saving: ../Sites/08194500/3_forecast/prec_st.01.6.0.RP.txt
Done!

Output files:

Input Data
 1. X Input Data
 3. Y Input Data

Historical Predictions
 4. Cross-Validated Predictions
 5. Retroactive Predictions
 6. Retroactive Forecast Probabilities
 7. Retroactive Lower Prediction Limits

EOF Prefiltering
X variable EOF files
 8. X Eigenvalues
 9. X Spatial Loadings
10. X Temporal Scores

PCR Results
Regression files
19. Regression Coefficients
20. PC Regression Coefficients

 0. Exit

________________________________________________________________________________________________________________________________

Climate Predictability Tool, v. 11.03                                                                                           

                                            X File

Input Data                                  X.prec_st.01.6.0
First data                                  1958
Last data                                   2015
Start at                                    1958                     
Number of fields                            1
Number of lags                              1
Number of gridpoints                        31
Number used variables:                      31

                                            Y File

Input Data                                  Y.01.5
First data                                  1958
Last data                                   2015
Start at                                    1958                     
Number of fields                            1
Number of lags                              1
Number of gridpoints                        1
Number used variables:                      1

                                            Forecast File

Input Data                                  X.prec_st.01.6.0
First data                                  1958
Last data                                   2015
Start at                                    1985                     
Number of fields                            1
Number of lags                              1
Number of gridpoints                        31
Number used variables:                      31

Training Data
Length of training period                           58
Length of cross-validation window                    3
Number of forecasts                                 30
________________________________________________________________________________________________________________________________

Select option:
  1.  Open X input file
  2.  Open Y input file
  3.  Open forecast file
  4.  X training period settings
  5.  Y training period settings
  6.  Forecast period settings
  7.  Length of training period
  8.  Length of cross-validation window
  9.  Number Number of forecasts
FILE
111.  Data output
ACTIONS
321.  Reset
TOOLS
411.  Cross-validated performance measures
412.  Cross-validated bootstrapping and significance testing
413.  Cross-validated skill maps
414.  Cross-validated ROC
415.  Cross-validated contingency tables
421.  Retroactive performance measures
422.  Retroactive bootstrapping and significance testing
423.  Retroactive skill maps
424.  Retroactive ROC
425.  Retroactive contingency tables
431.  Attributes diagram
432.  ROC diagram
433.  Probabilistic verification scores
434.  Weather roulette
441.  Scree plots
451.  Forecast series
452.  Forecast ensembles
453.  Exceedance probabilities
454.  Forecast values
455.  Forecast probabilities
OPTIONS
511.  Change language
521.  Change numbers of X modes
522.  Change X modes options
531.  Goodness index options
532.  Set climatological period
533.  Tailoring
551.  Bootstrap settings
552.  Forecast settings
561.  Skill map p-values (turn on)
 
  0.  Exit
