

            C L I M A T E   P R E D I C T A B I L I T Y   T O O L
                                Version 11.03

                 Evaluating seasonal climate predictability
                        Designed for MOS applications


 Copyright 2002-2011 International Research Institute for Climate and Society


III RRRR  III
 I  R   R  I
 I  R   R  I
 I  RRRR   I
 I  R   R  I   I N T E R N A T I O N A L   R E S E A R C H   I N S T I T U T E
III R   R III  F O R         C L I M A T E         A N D         S O C I E T Y


1.  Canonical Correlation Analysis (CCA)
2.  Principal Components Regression (PCR)
3.  Multiple Linear Regression (MLR)
4.  Raw GCM Model Output (GCM)
0.  Exit

________________________________________________________________________________________________________________________________

Climate Predictability Tool, v. 11.03                                                                                           

                                            X File

Input Data                                  
First data                                  N/A
Last data                                   N/A
Start at                                    0                        
Number of fields                            0
Number of lags                              0
Number of gridpoints                        0
Number used variables:                      0

                                            Y File

Input Data                                  
First data                                  N/A
Last data                                   N/A
Start at                                    0                        
Number of fields                            0
Number of lags                              0
Number of gridpoints                        0
Number used variables:                      0

                                            Forecast File

Input Data                                  
First data                                  N/A
Last data                                   N/A
Start at                                    0                        
Number of fields                            0
Number of lags                              0
Number of gridpoints                        0
Number used variables:                      0

Training Data
Length of training period                            0
Length of cross-validation window                    5
Number of forecasts                                  1
________________________________________________________________________________________________________________________________

Select option:
  1.  Open X input file
  2.  Open Y input file
  7.  Length of training period
  8.  Length of cross-validation window
EDIT
OPTIONS
511.  Change language
521.  Change numbers of X modes
522.  Change X modes options
531.  Goodness index options
533.  Tailoring
541.  Transform Y data (turn on)
542.  Zero-bound (turn on)
543.  Sort Ensemble Members (turn off)
544.  Missing value options
551.  Bootstrap settings
552.  Forecast settings
561.  Skill map p-values (turn on)
VIEW
611.  Canonical Correlation Analysis          (CCA)
613.  Multiple Linear Regression              (MLR)
614.  Raw GCM Model Output                    (GCM)
 
  0.  Exit
X Input File: X domain selection
Please specify domain limits (approximate data limits in brackets):
(southern latitudes and western longitudes negative)
Northernmost latitude ( 47): Southernmost latitude ( 37): Westernmost longitude ( -96): Easternmost longitude ( -87): 
X modes options
Minimum number of X modes: Maximum number of X modes: 
________________________________________________________________________________________________________________________________

Climate Predictability Tool, v. 11.03                                                                                           

                                            X File

Input Data                                  X.prec_st.07.3.0
First data                                  1958
Last data                                   2015
Start at                                    1958                     
Number of fields                            1
Number of lags                              1
Number of gridpoints                        33
Number used variables:                      0

                                            Y File

Input Data                                  
First data                                  N/A
Last data                                   N/A
Start at                                    0                        
Number of fields                            0
Number of lags                              0
Number of gridpoints                        0
Number used variables:                      0

                                            Forecast File

Input Data                                  X.prec_st.07.3.0
First data                                  1958
Last data                                   2015
Start at                                    2015                     
Number of fields                            1
Number of lags                              1
Number of gridpoints                        33
Number used variables:                      0

Training Data
Length of training period                            0
Length of cross-validation window                    5
Number of forecasts                                  1
________________________________________________________________________________________________________________________________

Select option:
  1.  Open X input file
  2.  Open Y input file
  3.  Open forecast file
  4.  X training period settings
  6.  Forecast period settings
  7.  Length of training period
  8.  Length of cross-validation window
  9.  Number Number of forecasts
EDIT
211.  Change X data domain
OPTIONS
511.  Change language
521.  Change numbers of X modes
522.  Change X modes options
531.  Goodness index options
533.  Tailoring
541.  Transform Y data (turn on)
542.  Zero-bound (turn on)
543.  Sort Ensemble Members (turn off)
544.  Missing value options
551.  Bootstrap settings
552.  Forecast settings
561.  Skill map p-values (turn on)
VIEW
611.  Canonical Correlation Analysis          (CCA)
 
  0.  Exit
Y Input File: Y domain selection
Please specify domain limits (approximate data limits in brackets):
(southern latitudes and western longitudes negative)
Northernmost latitude ( 42): Southernmost latitude ( 41): Westernmost longitude ( -91): Easternmost longitude ( -90): 
________________________________________________________________________________________________________________________________

Climate Predictability Tool, v. 11.03                                                                                           

                                            X File

Input Data                                  X.prec_st.07.3.0
First data                                  1958
Last data                                   2015
Start at                                    1958                     
Number of fields                            1
Number of lags                              1
Number of gridpoints                        33
Number used variables:                      0

                                            Y File

Input Data                                  Y.07.2
First data                                  1958
Last data                                   2015
Start at                                    1958                     
Number of fields                            1
Number of lags                              1
Number of gridpoints                        1
Number used variables:                      0

                                            Forecast File

Input Data                                  X.prec_st.07.3.0
First data                                  1958
Last data                                   2015
Start at                                    2015                     
Number of fields                            1
Number of lags                              1
Number of gridpoints                        33
Number used variables:                      0

Training Data
Length of training period                           58
Length of cross-validation window                    5
Number of forecasts                                  1
________________________________________________________________________________________________________________________________

Select option:
  1.  Open X input file
  2.  Open Y input file
  3.  Open forecast file
  4.  X training period settings
  5.  Y training period settings
  6.  Forecast period settings
  7.  Length of training period
  8.  Length of cross-validation window
  9.  Number Number of forecasts
EDIT
211.  Change X data domain
212.  Change Y data domain
ACTIONS
311.  Perform cross-validated analysis
312.  Perform retroactive analysis
321.  Reset
OPTIONS
511.  Change language
521.  Change numbers of X modes
522.  Change X modes options
531.  Goodness index options
532.  Set climatological period
533.  Tailoring
541.  Transform Y data (turn on)
542.  Zero-bound (turn on)
543.  Sort Ensemble Members (turn off)
544.  Missing value options
551.  Bootstrap settings
552.  Forecast settings
561.  Skill map p-values (turn on)
VIEW
611.  Canonical Correlation Analysis          (CCA)
 
  0.  Exit

Forecast Settings


Prediction Interval
Confidence level (%): Ensemble size: 
Number of ensemble members: Error variance:
1. Cross-validated error variance
3. Fitted error variance
Odds: 
0. Odds
1. Odds relative to climatology
Precision: 
Number of decimal places (maximum is 8): 
________________________________________________________________________________________________________________________________

Climate Predictability Tool, v. 11.03                                                                                           

                                            X File

Input Data                                  X.prec_st.07.3.0
First data                                  1958
Last data                                   2015
Start at                                    1958                     
Number of fields                            1
Number of lags                              1
Number of gridpoints                        33
Number used variables:                      0

                                            Y File

Input Data                                  Y.07.2
First data                                  1958
Last data                                   2015
Start at                                    1958                     
Number of fields                            1
Number of lags                              1
Number of gridpoints                        1
Number used variables:                      0

                                            Forecast File

Input Data                                  X.prec_st.07.3.0
First data                                  1958
Last data                                   2015
Start at                                    2015                     
Number of fields                            1
Number of lags                              1
Number of gridpoints                        33
Number used variables:                      0

Training Data
Length of training period                           58
Length of cross-validation window                    5
Number of forecasts                                  1
________________________________________________________________________________________________________________________________

Select option:
  1.  Open X input file
  2.  Open Y input file
  3.  Open forecast file
  4.  X training period settings
  5.  Y training period settings
  6.  Forecast period settings
  7.  Length of training period
  8.  Length of cross-validation window
  9.  Number Number of forecasts
EDIT
211.  Change X data domain
212.  Change Y data domain
ACTIONS
311.  Perform cross-validated analysis
312.  Perform retroactive analysis
321.  Reset
OPTIONS
511.  Change language
521.  Change numbers of X modes
522.  Change X modes options
531.  Goodness index options
532.  Set climatological period
533.  Tailoring
541.  Transform Y data (turn on)
542.  Zero-bound (turn on)
543.  Sort Ensemble Members (turn off)
544.  Missing value options
551.  Bootstrap settings
552.  Forecast settings
561.  Skill map p-values (turn on)
VIEW
611.  Canonical Correlation Analysis          (CCA)
 
  0.  Exit

Number of forecasts: 
________________________________________________________________________________________________________________________________

Climate Predictability Tool, v. 11.03                                                                                           

                                            X File

Input Data                                  X.prec_st.07.3.0
First data                                  1958
Last data                                   2015
Start at                                    1958                     
Number of fields                            1
Number of lags                              1
Number of gridpoints                        33
Number used variables:                      0

                                            Y File

Input Data                                  Y.07.2
First data                                  1958
Last data                                   2015
Start at                                    1958                     
Number of fields                            1
Number of lags                              1
Number of gridpoints                        1
Number used variables:                      0

                                            Forecast File

Input Data                                  X.prec_st.07.3.0
First data                                  1958
Last data                                   2015
Start at                                    2015                     
Number of fields                            1
Number of lags                              1
Number of gridpoints                        33
Number used variables:                      0

Training Data
Length of training period                           58
Length of cross-validation window                    5
Number of forecasts                                 30
________________________________________________________________________________________________________________________________

Select option:
  1.  Open X input file
  2.  Open Y input file
  3.  Open forecast file
  4.  X training period settings
  5.  Y training period settings
  6.  Forecast period settings
  7.  Length of training period
  8.  Length of cross-validation window
  9.  Number Number of forecasts
EDIT
211.  Change X data domain
212.  Change Y data domain
ACTIONS
311.  Perform cross-validated analysis
312.  Perform retroactive analysis
321.  Reset
OPTIONS
511.  Change language
521.  Change numbers of X modes
522.  Change X modes options
531.  Goodness index options
532.  Set climatological period
533.  Tailoring
541.  Transform Y data (turn on)
542.  Zero-bound (turn on)
543.  Sort Ensemble Members (turn off)
544.  Missing value options
551.  Bootstrap settings
552.  Forecast settings
561.  Skill map p-values (turn on)
VIEW
611.  Canonical Correlation Analysis          (CCA)
 
  0.  Exit
First date of data in forecast file: 1958                     
First year from which to forecast: 
________________________________________________________________________________________________________________________________

Climate Predictability Tool, v. 11.03                                                                                           

                                            X File

Input Data                                  X.prec_st.07.3.0
First data                                  1958
Last data                                   2015
Start at                                    1958                     
Number of fields                            1
Number of lags                              1
Number of gridpoints                        33
Number used variables:                      0

                                            Y File

Input Data                                  Y.07.2
First data                                  1958
Last data                                   2015
Start at                                    1958                     
Number of fields                            1
Number of lags                              1
Number of gridpoints                        1
Number used variables:                      0

                                            Forecast File

Input Data                                  X.prec_st.07.3.0
First data                                  1958
Last data                                   2015
Start at                                    1985                     
Number of fields                            1
Number of lags                              1
Number of gridpoints                        33
Number used variables:                      0

Training Data
Length of training period                           58
Length of cross-validation window                    5
Number of forecasts                                 30
________________________________________________________________________________________________________________________________

Select option:
  1.  Open X input file
  2.  Open Y input file
  3.  Open forecast file
  4.  X training period settings
  5.  Y training period settings
  6.  Forecast period settings
  7.  Length of training period
  8.  Length of cross-validation window
  9.  Number Number of forecasts
EDIT
211.  Change X data domain
212.  Change Y data domain
ACTIONS
311.  Perform cross-validated analysis
312.  Perform retroactive analysis
321.  Reset
OPTIONS
511.  Change language
521.  Change numbers of X modes
522.  Change X modes options
531.  Goodness index options
532.  Set climatological period
533.  Tailoring
541.  Transform Y data (turn on)
542.  Zero-bound (turn on)
543.  Sort Ensemble Members (turn off)
544.  Missing value options
551.  Bootstrap settings
552.  Forecast settings
561.  Skill map p-values (turn on)
VIEW
611.  Canonical Correlation Analysis          (CCA)
 
  0.  Exit

Length of cross-validation period (must be odd): 
________________________________________________________________________________________________________________________________

Climate Predictability Tool, v. 11.03                                                                                           

                                            X File

Input Data                                  X.prec_st.07.3.0
First data                                  1958
Last data                                   2015
Start at                                    1958                     
Number of fields                            1
Number of lags                              1
Number of gridpoints                        33
Number used variables:                      0

                                            Y File

Input Data                                  Y.07.2
First data                                  1958
Last data                                   2015
Start at                                    1958                     
Number of fields                            1
Number of lags                              1
Number of gridpoints                        1
Number used variables:                      0

                                            Forecast File

Input Data                                  X.prec_st.07.3.0
First data                                  1958
Last data                                   2015
Start at                                    1985                     
Number of fields                            1
Number of lags                              1
Number of gridpoints                        33
Number used variables:                      0

Training Data
Length of training period                           58
Length of cross-validation window                    3
Number of forecasts                                 30
________________________________________________________________________________________________________________________________

Select option:
  1.  Open X input file
  2.  Open Y input file
  3.  Open forecast file
  4.  X training period settings
  5.  Y training period settings
  6.  Forecast period settings
  7.  Length of training period
  8.  Length of cross-validation window
  9.  Number Number of forecasts
EDIT
211.  Change X data domain
212.  Change Y data domain
ACTIONS
311.  Perform cross-validated analysis
312.  Perform retroactive analysis
321.  Reset
OPTIONS
511.  Change language
521.  Change numbers of X modes
522.  Change X modes options
531.  Goodness index options
532.  Set climatological period
533.  Tailoring
541.  Transform Y data (turn on)
542.  Zero-bound (turn on)
543.  Sort Ensemble Members (turn off)
544.  Missing value options
551.  Bootstrap settings
552.  Forecast settings
561.  Skill map p-values (turn on)
VIEW
611.  Canonical Correlation Analysis          (CCA)
 
  0.  Exit
Reading ../Sites/05420500/2_format/X.prec_st.07.3.0 ...
Reading ../Sites/05420500/2_format/Y.07.2 ...
Checking for missing values ...
Total number of non-missing Station in X domain:              33
Total number of non-missing Station in Y domain:               1
Data read successfully

Beginning analysis ...
Climatological period: 1958 to 2015
Calculating climatologies and thresholds ...
Optimizing cross-validated performance ...
Training period: 1958 to 2015
 
               CURRENT                         OPTIMUM
 
      Number of Modes    Goodness      Number of Modes    Goodness
                            Index                            Index
              1             0.382              1             0.382
              2             0.370              1             0.382
              3             0.378              1             0.382
              4             0.425              4             0.425
Constructing model using full training period (1958 to 2015) ...
Identifying categories ...
Done!

________________________________________________________________________________________________________________________________

Climate Predictability Tool, v. 11.03                                                                                           

                                            X File

Input Data                                  X.prec_st.07.3.0
First data                                  1958
Last data                                   2015
Start at                                    1958                     
Number of fields                            1
Number of lags                              1
Number of gridpoints                        33
Number used variables:                      33

                                            Y File

Input Data                                  Y.07.2
First data                                  1958
Last data                                   2015
Start at                                    1958                     
Number of fields                            1
Number of lags                              1
Number of gridpoints                        1
Number used variables:                      1

                                            Forecast File

Input Data                                  X.prec_st.07.3.0
First data                                  1958
Last data                                   2015
Start at                                    1985                     
Number of fields                            1
Number of lags                              1
Number of gridpoints                        33
Number used variables:                      33

Training Data
Length of training period                           58
Length of cross-validation window                    3
Number of forecasts                                 30
________________________________________________________________________________________________________________________________

Select option:
  1.  Open X input file
  2.  Open Y input file
  3.  Open forecast file
  4.  X training period settings
  5.  Y training period settings
  6.  Forecast period settings
  7.  Length of training period
  8.  Length of cross-validation window
  9.  Number Number of forecasts
FILE
111.  Data output
ACTIONS
321.  Reset
TOOLS
411.  Cross-validated performance measures
412.  Cross-validated bootstrapping and significance testing
413.  Cross-validated skill maps
414.  Cross-validated ROC
415.  Cross-validated contingency tables
441.  Scree plots
451.  Forecast series
452.  Forecast ensembles
453.  Exceedance probabilities
454.  Forecast values
455.  Forecast probabilities
OPTIONS
511.  Change language
521.  Change numbers of X modes
522.  Change X modes options
531.  Goodness index options
532.  Set climatological period
533.  Tailoring
551.  Bootstrap settings
552.  Forecast settings
561.  Skill map p-values (turn on)
 
  0.  Exit

Output files:

Input Data
 1. X Input Data
 3. Y Input Data

Historical Predictions
 4. Cross-Validated Predictions

EOF Prefiltering
X variable EOF files
 8. X Eigenvalues
 9. X Spatial Loadings
10. X Temporal Scores

PCR Results
Regression files
19. Regression Coefficients
20. PC Regression Coefficients

 0. Exit
Cross-Validated Predictions Output file: 
Saving: ../Sites/05420500/3_forecast/prec_st.07.3.0.CV.txt
Done!

Output files:

Input Data
 1. X Input Data
 3. Y Input Data

Historical Predictions
 4. Cross-Validated Predictions

EOF Prefiltering
X variable EOF files
 8. X Eigenvalues
 9. X Spatial Loadings
10. X Temporal Scores

PCR Results
Regression files
19. Regression Coefficients
20. PC Regression Coefficients

 0. Exit

________________________________________________________________________________________________________________________________

Climate Predictability Tool, v. 11.03                                                                                           

                                            X File

Input Data                                  X.prec_st.07.3.0
First data                                  1958
Last data                                   2015
Start at                                    1958                     
Number of fields                            1
Number of lags                              1
Number of gridpoints                        33
Number used variables:                      33

                                            Y File

Input Data                                  Y.07.2
First data                                  1958
Last data                                   2015
Start at                                    1958                     
Number of fields                            1
Number of lags                              1
Number of gridpoints                        1
Number used variables:                      1

                                            Forecast File

Input Data                                  X.prec_st.07.3.0
First data                                  1958
Last data                                   2015
Start at                                    1985                     
Number of fields                            1
Number of lags                              1
Number of gridpoints                        33
Number used variables:                      33

Training Data
Length of training period                           58
Length of cross-validation window                    3
Number of forecasts                                 30
________________________________________________________________________________________________________________________________

Select option:
  1.  Open X input file
  2.  Open Y input file
  3.  Open forecast file
  4.  X training period settings
  5.  Y training period settings
  6.  Forecast period settings
  7.  Length of training period
  8.  Length of cross-validation window
  9.  Number Number of forecasts
FILE
111.  Data output
ACTIONS
321.  Reset
TOOLS
411.  Cross-validated performance measures
412.  Cross-validated bootstrapping and significance testing
413.  Cross-validated skill maps
414.  Cross-validated ROC
415.  Cross-validated contingency tables
441.  Scree plots
451.  Forecast series
452.  Forecast ensembles
453.  Exceedance probabilities
454.  Forecast values
455.  Forecast probabilities
OPTIONS
511.  Change language
521.  Change numbers of X modes
522.  Change X modes options
531.  Goodness index options
532.  Set climatological period
533.  Tailoring
551.  Bootstrap settings
552.  Forecast settings
561.  Skill map p-values (turn on)
 
  0.  Exit
 Resetting clears the current results.

________________________________________________________________________________________________________________________________

Climate Predictability Tool, v. 11.03                                                                                           

                                            X File

Input Data                                  X.prec_st.07.3.0
First data                                  1958
Last data                                   2015
Start at                                    1958                     
Number of fields                            1
Number of lags                              1
Number of gridpoints                        33
Number used variables:                      0

                                            Y File

Input Data                                  Y.07.2
First data                                  1958
Last data                                   2015
Start at                                    1958                     
Number of fields                            1
Number of lags                              1
Number of gridpoints                        1
Number used variables:                      0

                                            Forecast File

Input Data                                  X.prec_st.07.3.0
First data                                  1958
Last data                                   2015
Start at                                    1985                     
Number of fields                            1
Number of lags                              1
Number of gridpoints                        33
Number used variables:                      0

Training Data
Length of training period                           58
Length of cross-validation window                    3
Number of forecasts                                 30
________________________________________________________________________________________________________________________________

Select option:
  1.  Open X input file
  2.  Open Y input file
  3.  Open forecast file
  4.  X training period settings
  5.  Y training period settings
  6.  Forecast period settings
  7.  Length of training period
  8.  Length of cross-validation window
  9.  Number Number of forecasts
EDIT
211.  Change X data domain
212.  Change Y data domain
ACTIONS
311.  Perform cross-validated analysis
312.  Perform retroactive analysis
321.  Reset
OPTIONS
511.  Change language
521.  Change numbers of X modes
522.  Change X modes options
531.  Goodness index options
532.  Set climatological period
533.  Tailoring
541.  Transform Y data (turn on)
542.  Zero-bound (turn on)
543.  Sort Ensemble Members (turn off)
544.  Missing value options
551.  Bootstrap settings
552.  Forecast settings
561.  Skill map p-values (turn on)
VIEW
611.  Canonical Correlation Analysis          (CCA)
 
  0.  Exit

________________________________________________________________________________________________________________________________

Climate Predictability Tool, v. 11.03                                                                                           

                                            X File

Input Data                                  X.prec_st.07.3.0
First data                                  1958
Last data                                   2015
Start at                                    1958                     
Number of fields                            1
Number of lags                              1
Number of gridpoints                        33
Number used variables:                      0

                                            Y File

Input Data                                  Y.07.2
First data                                  1958
Last data                                   2015
Start at                                    1958                     
Number of fields                            1
Number of lags                              1
Number of gridpoints                        1
Number used variables:                      0

                                            Forecast File

Input Data                                  X.prec_st.07.3.0
First data                                  1958
Last data                                   2015
Start at                                    1985                     
Number of fields                            1
Number of lags                              1
Number of gridpoints                        33
Number used variables:                      0

Training Data
Length of training period                           58
Length of cross-validation window                    3
Number of forecasts                                 30
________________________________________________________________________________________________________________________________

Select option:
  1.  Open X input file
  2.  Open Y input file
  3.  Open forecast file
  4.  X training period settings
  5.  Y training period settings
  6.  Forecast period settings
  7.  Length of training period
  8.  Length of cross-validation window
  9.  Number Number of forecasts
EDIT
211.  Change X data domain
212.  Change Y data domain
ACTIONS
311.  Perform cross-validated analysis
312.  Perform retroactive analysis
321.  Reset
OPTIONS
511.  Change language
521.  Change numbers of X modes
522.  Change X modes options
531.  Goodness index options
532.  Set climatological period
533.  Tailoring
541.  Transform Y data (turn on)
542.  Zero-bound (turn off)
543.  Sort Ensemble Members (turn off)
544.  Missing value options
551.  Bootstrap settings
552.  Forecast settings
561.  Skill map p-values (turn on)
VIEW
611.  Canonical Correlation Analysis          (CCA)
 
  0.  Exit

Retroactive forecasts
Length of initial training period (suggested value 29): 
Retroactive forecasts
Training period update interval: Reading ../Sites/05420500/2_format/X.prec_st.07.3.0 ...
Reading ../Sites/05420500/2_format/Y.07.2 ...
Checking for missing values ...
Total number of non-missing Station in X domain:              33
Total number of non-missing Station in Y domain:               1
ERROR: Data contain negative values when zero-bound is set
       ../Sites/05420500/2_format/Y.07.2

________________________________________________________________________________________________________________________________

Climate Predictability Tool, v. 11.03                                                                                           

                                            X File

Input Data                                  X.prec_st.07.3.0
First data                                  1958
Last data                                   2015
Start at                                    1958                     
Number of fields                            1
Number of lags                              1
Number of gridpoints                        33
Number used variables:                      33

                                            Y File

Input Data                                  Y.07.2
First data                                  1958
Last data                                   2015
Start at                                    1958                     
Number of fields                            1
Number of lags                              1
Number of gridpoints                        1
Number used variables:                      1

                                            Forecast File

Input Data                                  X.prec_st.07.3.0
First data                                  1958
Last data                                   2015
Start at                                    1985                     
Number of fields                            1
Number of lags                              1
Number of gridpoints                        33
Number used variables:                      33

Training Data
Length of training period                           58
Length of cross-validation window                    3
Number of forecasts                                 30
________________________________________________________________________________________________________________________________

Select option:
  1.  Open X input file
  2.  Open Y input file
  3.  Open forecast file
  4.  X training period settings
  5.  Y training period settings
  6.  Forecast period settings
  7.  Length of training period
  8.  Length of cross-validation window
  9.  Number Number of forecasts
EDIT
211.  Change X data domain
212.  Change Y data domain
ACTIONS
311.  Perform cross-validated analysis
312.  Perform retroactive analysis
321.  Reset
OPTIONS
511.  Change language
521.  Change numbers of X modes
522.  Change X modes options
531.  Goodness index options
532.  Set climatological period
533.  Tailoring
541.  Transform Y data (turn on)
542.  Zero-bound (turn off)
543.  Sort Ensemble Members (turn off)
544.  Missing value options
551.  Bootstrap settings
552.  Forecast settings
561.  Skill map p-values (turn on)
VIEW
611.  Canonical Correlation Analysis          (CCA)
 
  0.  Exit

Output files:

Input Data
 1. X Input Data
 3. Y Input Data

Historical Predictions
 4. Cross-Validated Predictions

EOF Prefiltering
X variable EOF files
 8. X Eigenvalues
 9. X Spatial Loadings
10. X Temporal Scores

PCR Results
Regression files
19. Regression Coefficients
20. PC Regression Coefficients

 0. Exit

Output files:

Input Data
 1. X Input Data
 3. Y Input Data

Historical Predictions
 4. Cross-Validated Predictions

EOF Prefiltering
X variable EOF files
 8. X Eigenvalues
 9. X Spatial Loadings
10. X Temporal Scores

PCR Results
Regression files
19. Regression Coefficients
20. PC Regression Coefficients

 0. Exit

Output files:

Input Data
 1. X Input Data
 3. Y Input Data

Historical Predictions
 4. Cross-Validated Predictions

EOF Prefiltering
X variable EOF files
 8. X Eigenvalues
 9. X Spatial Loadings
10. X Temporal Scores

PCR Results
Regression files
19. Regression Coefficients
20. PC Regression Coefficients

 0. Exit

________________________________________________________________________________________________________________________________

Climate Predictability Tool, v. 11.03                                                                                           

                                            X File

Input Data                                  X.prec_st.07.3.0
First data                                  1958
Last data                                   2015
Start at                                    1958                     
Number of fields                            1
Number of lags                              1
Number of gridpoints                        33
Number used variables:                      33

                                            Y File

Input Data                                  Y.07.2
First data                                  1958
Last data                                   2015
Start at                                    1958                     
Number of fields                            1
Number of lags                              1
Number of gridpoints                        1
Number used variables:                      1

                                            Forecast File

Input Data                                  X.prec_st.07.3.0
First data                                  1958
Last data                                   2015
Start at                                    1985                     
Number of fields                            1
Number of lags                              1
Number of gridpoints                        33
Number used variables:                      33

Training Data
Length of training period                           58
Length of cross-validation window                    3
Number of forecasts                                 30
________________________________________________________________________________________________________________________________

Select option:
  1.  Open X input file
  2.  Open Y input file
  3.  Open forecast file
  4.  X training period settings
  5.  Y training period settings
  6.  Forecast period settings
  7.  Length of training period
  8.  Length of cross-validation window
  9.  Number Number of forecasts
EDIT
211.  Change X data domain
212.  Change Y data domain
ACTIONS
311.  Perform cross-validated analysis
312.  Perform retroactive analysis
321.  Reset
OPTIONS
511.  Change language
521.  Change numbers of X modes
522.  Change X modes options
531.  Goodness index options
532.  Set climatological period
533.  Tailoring
541.  Transform Y data (turn on)
542.  Zero-bound (turn off)
543.  Sort Ensemble Members (turn off)
544.  Missing value options
551.  Bootstrap settings
552.  Forecast settings
561.  Skill map p-values (turn on)
VIEW
611.  Canonical Correlation Analysis          (CCA)
 
  0.  Exit
